<?xml version="1.0" encoding="UTF-8"?>
<testng-results skipped="0" failed="0" ignored="0" total="1" passed="1">
  <reporter-output>
  </reporter-output>
  <suite name="Default suite" duration-ms="23763" started-at="2020-03-21T05:40:13Z" finished-at="2020-03-21T05:40:36Z">
    <groups>
    </groups>
    <test name="Default test" duration-ms="23763" started-at="2020-03-21T05:40:13Z" finished-at="2020-03-21T05:40:36Z">
      <class name="TestCases.LoginTest">
        <test-method status="PASS" signature="setup()[pri:0, instance:TestCases.LoginTest@e25b2fe]" name="setup" is-config="true" duration-ms="11917" started-at="2020-03-21T05:40:13Z" finished-at="2020-03-21T05:40:25Z">
          <reporter-output>
          </reporter-output>
        </test-method> <!-- setup -->
        <test-method status="PASS" signature="testLogin()[pri:0, instance:TestCases.LoginTest@e25b2fe]" name="testLogin" duration-ms="11785" started-at="2020-03-21T05:40:25Z" finished-at="2020-03-21T05:40:36Z">
          <reporter-output>
          </reporter-output>
        </test-method> <!-- testLogin -->
      </class> <!-- TestCases.LoginTest -->
    </test> <!-- Default test -->
  </suite> <!-- Default suite -->
</testng-results>
